(?<host>\S*) (?<clock>{.*})\n(?<event>.*)

server:7070 {"server:7070":1}
Initialization Complete
server:7070 {"server:8080":2, "server:7070":2}
Received RPC request
server:7070 {"server:8080":2, "server:7070":3}
INFO-Voted Node 1
server:7070 {"server:7070":4, "server:8080":2}
Sending response to RPC request
server:7070 {"server:7070":5, "server:8080":16, "server:8181":4, "server:9090":4, "server:7171":4}
Received RPC request
server:7070 {"server:7070":6, "server:8080":16, "server:8181":4, "server:9090":4, "server:7171":4}
INFO-Received HeartBeat
server:7070 {"server:7070":7, "server:8080":16, "server:8181":4, "server:9090":4, "server:7171":4}
Sending response to RPC request
server:7171 {"server:7171":1}
Initialization Complete
server:7171 {"server:7070":4, "server:9090":4, "server:8080":11, "server:7171":2}
Received RPC request
server:7171 {"server:7171":3, "server:7070":4, "server:9090":4, "server:8080":11}
INFO-Voted Node 1
server:7171 {"server:7171":4, "server:7070":4, "server:9090":4, "server:8080":11}
Sending response to RPC request
server:7171 {"server:7171":5, "server:7070":7, "server:9090":7, "server:8080":25, "server:8181":4}
Received RPC request
server:7171 {"server:7171":6, "server:7070":7, "server:9090":7, "server:8080":25, "server:8181":4}
INFO-Received HeartBeat
server:7171 {"server:9090":7, "server:8080":25, "server:8181":4, "server:7171":7, "server:7070":7}
Sending response to RPC request
server:8080 {"server:8080":1}
Initialization Complete
server:8080 {"server:8080":2}
Making RPC call
server:8080 {"server:7070":4, "server:8080":3}
Received RPC Call response from server
server:8080 {"server:8080":4, "server:7070":4}
Making RPC call
server:8080 {"server:8080":5, "server:7070":4}
Received RPC request
server:8080 {"server:8080":6, "server:7070":4}
INFO-Voted Node 1
server:8080 {"server:8080":7, "server:7070":4}
Sending response to RPC request
server:8080 {"server:8080":8, "server:7070":4}
Received RPC Call response from server
server:8080 {"server:8080":9, "server:7070":4}
Making RPC call
server:8080 {"server:8080":10, "server:7070":4, "server:9090":4}
Received RPC Call response from server
server:8080 {"server:8080":11, "server:7070":4, "server:9090":4}
Making RPC call
server:8080 {"server:7070":4, "server:9090":4, "server:7171":4, "server:8080":12}
Received RPC Call response from server
server:8080 {"server:9090":4, "server:7171":4, "server:8080":13, "server:7070":4}
Making RPC call
server:8080 {"server:7171":4, "server:8181":4, "server:8080":14, "server:7070":4, "server:9090":4}
Received RPC Call response from server
server:8080 {"server:8080":15, "server:7070":4, "server:9090":4, "server:7171":4, "server:8181":4}
INFO-Became leader
server:8080 {"server:8080":16, "server:7070":4, "server:9090":4, "server:7171":4, "server:8181":4}
Making RPC call
server:8080 {"server:7171":4, "server:8181":4, "server:8080":17, "server:7070":7, "server:9090":4}
Received RPC Call response from server
server:8080 {"server:8080":18, "server:7070":7, "server:9090":4, "server:7171":4, "server:8181":4}
Making RPC call
server:8080 {"server:8080":19, "server:7070":7, "server:9090":4, "server:7171":4, "server:8181":4}
Received RPC request
server:8080 {"server:8080":20, "server:7070":7, "server:9090":4, "server:7171":4, "server:8181":4}
INFO-Received HeartBeat
server:8080 {"server:8080":21, "server:7070":7, "server:9090":4, "server:7171":4, "server:8181":4}
Sending response to RPC request
server:8080 {"server:9090":4, "server:7171":4, "server:8181":4, "server:8080":22, "server:7070":7}
Received RPC Call response from server
server:8080 {"server:8080":23, "server:7070":7, "server:9090":4, "server:7171":4, "server:8181":4}
Making RPC call
server:8080 {"server:8080":24, "server:7070":7, "server:9090":7, "server:7171":4, "server:8181":4}
Received RPC Call response from server
server:8080 {"server:9090":7, "server:7171":4, "server:8181":4, "server:8080":25, "server:7070":7}
Making RPC call
server:8080 {"server:9090":7, "server:7171":7, "server:8181":4, "server:8080":26, "server:7070":7}
Received RPC Call response from server
server:8080 {"server:9090":7, "server:7171":7, "server:8181":4, "server:8080":27, "server:7070":7}
Making RPC call
server:8080 {"server:8080":28, "server:7070":7, "server:9090":7, "server:7171":7, "server:8181":7}
Received RPC Call response from server
server:8181 {"server:8181":1}
Initialization Complete
server:8181 {"server:8181":2, "server:7070":4, "server:9090":4, "server:7171":4, "server:8080":13}
Received RPC request
server:8181 {"server:8181":3, "server:7070":4, "server:9090":4, "server:7171":4, "server:8080":13}
INFO-Voted Node 1
server:8181 {"server:7070":4, "server:9090":4, "server:7171":4, "server:8080":13, "server:8181":4}
Sending response to RPC request
server:8181 {"server:8080":27, "server:8181":5, "server:7070":7, "server:9090":7, "server:7171":7}
Received RPC request
server:8181 {"server:8181":6, "server:7070":7, "server:9090":7, "server:7171":7, "server:8080":27}
INFO-Received HeartBeat
server:8181 {"server:8080":27, "server:8181":7, "server:7070":7, "server:9090":7, "server:7171":7}
Sending response to RPC request
server:9090 {"server:9090":1}
Initialization Complete
server:9090 {"server:9090":2, "server:8080":9, "server:7070":4}
Received RPC request
server:9090 {"server:7070":4, "server:9090":3, "server:8080":9}
INFO-Voted Node 1
server:9090 {"server:9090":4, "server:8080":9, "server:7070":4}
Sending response to RPC request
server:9090 {"server:8080":23, "server:7070":7, "server:7171":4, "server:8181":4, "server:9090":5}
Received RPC request
server:9090 {"server:9090":6, "server:8080":23, "server:7070":7, "server:7171":4, "server:8181":4}
INFO-Received HeartBeat
server:9090 {"server:9090":7, "server:8080":23, "server:7070":7, "server:7171":4, "server:8181":4}
Sending response to RPC request
